<?xml version="1.0" encoding="UTF-8"?>
<!-- Generated by org.testng.reporters.JUnitReportReporter -->
<testsuite name="seleniuminterview.testAssignment.TestCase5" tests="1" time="2.347" ignored="0" failures="0" timestamp="01 Sep 2020 15:25:37 GMT" skipped="0" hostname="LAPTOP-P8FBN143" errors="0">
  <testcase name="validateLogout" time="2.347" classname="seleniuminterview.testAssignment.TestCase5"/>
</testsuite> <!-- seleniuminterview.testAssignment.TestCase5 -->
