<?xml version="1.0" encoding="UTF-8"?>
<!-- Generated by org.testng.reporters.JUnitReportReporter -->
<testsuite name="seleniuminterview.testAssignment.TestCase4" tests="1" time="4.721" ignored="0" failures="0" timestamp="01 Sep 2020 15:31:17 GMT" skipped="0" hostname="LAPTOP-P8FBN143" errors="0">
  <testcase name="verifyPromise" time="4.721" classname="seleniuminterview.testAssignment.TestCase4"/>
</testsuite> <!-- seleniuminterview.testAssignment.TestCase4 -->
