<?xml version="1.0" encoding="UTF-8"?>
<!-- Generated by org.testng.reporters.JUnitReportReporter -->
<testsuite name="seleniuminterview.testAssignment.TestCase1" tests="1" time="0.569" ignored="0" failures="0" timestamp="01 Sep 2020 15:31:17 GMT" skipped="0" hostname="LAPTOP-P8FBN143" errors="0">
  <testcase name="verifyLoginValidation" time="0.569" classname="seleniuminterview.testAssignment.TestCase1"/>
</testsuite> <!-- seleniuminterview.testAssignment.TestCase1 -->
