<?xml version="1.0" encoding="UTF-8"?>
<!-- Generated by org.testng.reporters.JUnitReportReporter -->
<testsuite name="seleniuminterview.testAssignment.TestCase3" tests="1" time="11.140" ignored="0" failures="0" timestamp="01 Sep 2020 15:31:17 GMT" skipped="0" hostname="LAPTOP-P8FBN143" errors="0">
  <testcase name="addPromise" time="11.140" classname="seleniuminterview.testAssignment.TestCase3"/>
</testsuite> <!-- seleniuminterview.testAssignment.TestCase3 -->
